<?xml version="1.0" encoding="UTF-8"?>
<!-- Generated by org.testng.reporters.JUnitReportReporter -->
<testsuite hostname="DESKTOP-MEL0TQP" failures="0" tests="1" name="demo1.DemoTest" time="7.111" errors="0" timestamp="2023-12-19T02:25:56 IST" skipped="0">
  <testcase classname="demo1.DemoTest" name="dTest" time="7.111"/>
</testsuite> <!-- demo1.DemoTest -->
